\BOOKMARK [1][-]{section.1}{Introduction}{}% 1
\BOOKMARK [1][-]{section.2}{Setting up the toolbox}{}% 2
\BOOKMARK [1][-]{section.3}{Basic use of the toolbox}{}% 3
\BOOKMARK [2][-]{subsection.3.1}{Performance estimation problems}{section.3}% 4
\BOOKMARK [2][-]{subsection.3.2}{Setting up the PEP within PESTO: full example}{section.3}% 5
\BOOKMARK [2][-]{subsection.3.3}{Basic objects and algebraic operations}{section.3}% 6
\BOOKMARK [2][-]{subsection.3.4}{Functional classes}{section.3}% 7
\BOOKMARK [2][-]{subsection.3.5}{First-order information recovery}{section.3}% 8
\BOOKMARK [2][-]{subsection.3.6}{Standard algorithmic steps}{section.3}% 9
\BOOKMARK [2][-]{subsection.3.7}{Solving the PEP}{section.3}% 10
\BOOKMARK [2][-]{subsection.3.8}{Obtaining low-dimensional worst-case examples}{section.3}% 11
\BOOKMARK [2][-]{subsection.3.9}{Working with operators}{section.3}% 12
\BOOKMARK [1][-]{section.4}{Advanced operations}{}% 13
\BOOKMARK [2][-]{subsection.4.1}{Adding add-hoc constraints}{section.4}% 14
\BOOKMARK [2][-]{subsection.4.2}{Adding points to be interpolated}{section.4}% 15
\BOOKMARK [2][-]{subsection.4.3}{Adding new primitive oracles and primitive algorithmic steps}{section.4}% 16
\BOOKMARK [2][-]{subsection.4.4}{Adding new functional classes}{section.4}% 17
\BOOKMARK [2][-]{subsection.4.5}{Tags and evaluations}{section.4}% 18
\BOOKMARK [1][-]{section.5}{Applications}{}% 19
\BOOKMARK [2][-]{subsection.5.1}{Complete list of examples}{section.5}% 20
\BOOKMARK [2][-]{subsection.5.2}{Example 1: Douglas-Rachford splitting for monotone inclusion}{section.5}% 21
\BOOKMARK [2][-]{subsection.5.3}{Example 2: properties of smooth strongly convex functions}{section.5}% 22
